Vivado Simulator v2025.2
Copyright 1986-2022 Xilinx, Inc. All Rights Reserved.
Copyright 2022-2025 Advanced Micro Devices, Inc. All Rights Reserved.
Running: D:/vivado/2025.2/Vivado/bin/unwrapped/win64.o/xelab.exe --incr --debug typical --relax --mt 2 -L xil_defaultlib -L unisims_ver -L unimacro_ver -L secureip --snapshot armprocessor_tb_behav xil_defaultlib.armprocessor_tb xil_defaultlib.glbl -log elaborate.log 
Using 2 slave threads.
Starting static elaboration
Pass Through NonSizing Optimizer
Completed static elaboration
Starting simulation data flow analysis
Completed simulation data flow analysis
Time Resolution for simulation is 1ps
Compiling module xil_defaultlib.program_counter
Compiling module xil_defaultlib.instruct_mem_rom
Compiling module xil_defaultlib.fetch_stage
Compiling module xil_defaultlib.if_id_reg
Compiling module xil_defaultlib.control_unit
Compiling module xil_defaultlib.register_file
Compiling module xil_defaultlib.hazard_unit
Compiling module xil_defaultlib.id_ex_reg
Compiling module xil_defaultlib.forward_unit
Compiling module xil_defaultlib.arm
Compiling module xil_defaultlib.ex_mem_reg
Compiling module xil_defaultlib.sram
Compiling module xil_defaultlib.uart_tx(BAUD_DIV=4)
Compiling module xil_defaultlib.uart_rx(BAUD_DIV=4)
Compiling module xil_defaultlib.spi_master(SCK_DIV=2)
Compiling module xil_defaultlib.i2c_master(CLK_DIV=2)
Compiling module xil_defaultlib.io_bus(BAUD_DIV=4,SCK_DIV=2,I2C_...
Compiling module xil_defaultlib.mem_wb_reg
Compiling module xil_defaultlib.arm_processor(BAUD_DIV=4,SCK_DIV...
Compiling module xil_defaultlib.armprocessor_tb
Compiling module xil_defaultlib.glbl
Built simulation snapshot armprocessor_tb_behav
