INFO: [VRFC 10-2263] Analyzing Verilog file "D:/vivadi_projects/ARM_CPU/ARM_CPU.srcs/sources_1/new/Sram.v" into library xil_defaultlib
INFO: [VRFC 10-311] analyzing module sram
INFO: [VRFC 10-2263] Analyzing Verilog file "D:/vivadi_projects/files/arm.v" into library xil_defaultlib
INFO: [VRFC 10-311] analyzing module arm
INFO: [VRFC 10-2263] Analyzing Verilog file "D:/vivadi_projects/files/arm_processor.v" into library xil_defaultlib
INFO: [VRFC 10-311] analyzing module arm_processor
INFO: [VRFC 10-2263] Analyzing Verilog file "D:/vivadi_projects/files/control_unit.v" into library xil_defaultlib
INFO: [VRFC 10-311] analyzing module control_unit
INFO: [VRFC 10-2263] Analyzing Verilog file "D:/vivadi_projects/files_pipeline/ex_mem_reg.v" into library xil_defaultlib
INFO: [VRFC 10-311] analyzing module ex_mem_reg
INFO: [VRFC 10-2263] Analyzing Verilog file "D:/vivadi_projects/files/fetch_stage.v" into library xil_defaultlib
INFO: [VRFC 10-311] analyzing module fetch_stage
INFO: [VRFC 10-2263] Analyzing Verilog file "D:/vivadi_projects/files_pipeline/forward_unit.v" into library xil_defaultlib
INFO: [VRFC 10-311] analyzing module forward_unit
INFO: [VRFC 10-2263] Analyzing Verilog file "D:/vivadi_projects/files_pipeline/hazard_unit.v" into library xil_defaultlib
INFO: [VRFC 10-311] analyzing module hazard_unit
INFO: [VRFC 10-2263] Analyzing Verilog file "D:/vivadi_projects/files_pipeline/id_ex_reg.v" into library xil_defaultlib
INFO: [VRFC 10-311] analyzing module id_ex_reg
INFO: [VRFC 10-2263] Analyzing Verilog file "D:/vivadi_projects/files_pipeline/if_id_reg.v" into library xil_defaultlib
INFO: [VRFC 10-311] analyzing module if_id_reg
INFO: [VRFC 10-2263] Analyzing Verilog file "D:/vivadi_projects/files/instruct_mem_rom.v" into library xil_defaultlib
INFO: [VRFC 10-311] analyzing module instruct_mem_rom
INFO: [VRFC 10-2263] Analyzing Verilog file "D:/vivadi_projects/files_pipeline/mem_wb_reg.v" into library xil_defaultlib
INFO: [VRFC 10-311] analyzing module mem_wb_reg
INFO: [VRFC 10-2263] Analyzing Verilog file "D:/vivadi_projects/files/program_counter.v" into library xil_defaultlib
INFO: [VRFC 10-311] analyzing module program_counter
INFO: [VRFC 10-2263] Analyzing Verilog file "D:/vivadi_projects/files/register_file.v" into library xil_defaultlib
INFO: [VRFC 10-311] analyzing module register_file
INFO: [VRFC 10-2263] Analyzing Verilog file "D:/vivadi_projects/files/armprocessor_tb.v" into library xil_defaultlib
INFO: [VRFC 10-311] analyzing module armprocessor_tb
